<?xml version="1.0" encoding="UTF-8"?>
<!-- Generated by org.testng.reporters.JUnitReportReporter -->
<testsuite hostname="DESKTOP-G1OT4DA" failures="0" tests="4" name="section16_testng.Main" time="0.004" errors="0" timestamp="2025-06-09T09:58:25 BRT" skipped="3">
  <testcase classname="section16_testng.Main" name="testeComParametros" time="0.004"/>
  <testcase classname="section16_testng.Main" name="teste2">
    <skipped/>
  </testcase> <!-- teste2 -->
  <testcase classname="section16_testng.Main" name="teste1">
    <skipped/>
  </testcase> <!-- teste1 -->
  <testcase classname="section16_testng.Main" name="testeComDataProvider">
    <skipped/>
  </testcase> <!-- testeComDataProvider -->
</testsuite> <!-- section16_testng.Main -->
